<?xml version="1.0" encoding="UTF-8"?>
<testsuite name="org.caringbridge.common.service.filter.FilterTest" tests="1" skipped="0" failures="0" errors="0" timestamp="2016-02-09T20:54:53" hostname="MPS-GMU" time="0.28">
  <properties/>
  <testcase name="nullRequestIdShouldReturnNull" classname="org.caringbridge.common.service.filter.FilterTest" time="0.28"/>
  <system-out><![CDATA[]]></system-out>
  <system-err><![CDATA[]]></system-err>
</testsuite>
